WARNING risk.risk_manager: KILL SWITCH: 3 consecutive losses (daily_pnl=-357.00)
WARNING risk.risk_manager: KILL SWITCH: 3 consecutive losses (daily_pnl=-357.00)
WARNING risk.risk_manager: Topstep MLL zone: normal -> warning (dd=$817.50, peak=$58580.02, bal=$57762.52)
WARNING risk.risk_manager: KILL SWITCH: 3 consecutive losses (daily_pnl=-311.00)
WARNING risk.risk_manager: Topstep MLL zone: warning -> caution (dd=$1244.50, peak=$58580.02, bal=$57335.52)
WARNING risk.risk_manager: Topstep MLL zone: caution -> warning (dd=$1004.80, peak=$58580.02, bal=$57575.22)
WARNING risk.risk_manager: Topstep MLL zone: warning -> normal (dd=$646.11, peak=$58580.02, bal=$57933.91)
WARNING risk.risk_manager: KILL SWITCH: 3 consecutive losses (daily_pnl=-301.50)
WARNING risk.risk_manager: KILL SWITCH: 3 consecutive losses (daily_pnl=-364.50)
WARNING risk.risk_manager: Topstep MLL zone: normal -> warning (dd=$914.00, peak=$59820.91, bal=$58906.91)
WARNING risk.risk_manager: Topstep MLL zone: warning -> normal (dd=$558.74, peak=$59820.91, bal=$59262.18)
WARNING risk.risk_manager: KILL SWITCH: 3 consecutive losses (daily_pnl=-337.00)
WARNING risk.risk_manager: Topstep MLL zone: normal -> warning (dd=$895.74, peak=$59820.91, bal=$58925.18)
WARNING risk.risk_manager: Topstep MLL zone: warning -> normal (dd=$758.74, peak=$59820.91, bal=$59062.18)
WARNING risk.risk_manager: Topstep MLL zone: normal -> warning (dd=$878.74, peak=$59820.91, bal=$58942.18)
WARNING risk.risk_manager: KILL SWITCH: 3 consecutive losses (daily_pnl=-319.50)
WARNING risk.risk_manager: Topstep MLL zone: warning -> caution (dd=$1318.24, peak=$59820.91, bal=$58502.68)
WARNING risk.risk_manager: KILL SWITCH: 3 consecutive losses (daily_pnl=-360.00)
WARNING risk.risk_manager: Topstep MLL zone: caution -> warning (dd=$1076.17, peak=$59820.91, bal=$58744.74)
WARNING risk.risk_manager: Topstep MLL zone: warning -> normal (dd=$714.10, peak=$59820.91, bal=$59106.81)
WARNING risk.risk_manager: Topstep MLL zone: normal -> warning (dd=$833.10, peak=$59820.91, bal=$58987.81)
WARNING risk.risk_manager: Topstep MLL zone: warning -> normal (dd=$470.20, peak=$59820.91, bal=$59350.72)
WARNING risk.risk_manager: KILL SWITCH: 3 consecutive losses (daily_pnl=-369.00)
WARNING risk.risk_manager: KILL SWITCH: 3 consecutive losses (daily_pnl=-300.00)
WARNING risk.risk_manager: KILL SWITCH: 3 consecutive losses (daily_pnl=-312.00)
WARNING risk.risk_manager: KILL SWITCH: 3 consecutive losses (daily_pnl=-255.00)
WARNING risk.risk_manager: Topstep MLL zone: normal -> warning (dd=$883.85, peak=$63187.05, bal=$62303.20)
WARNING risk.risk_manager: Topstep MLL zone: warning -> normal (dd=$537.69, peak=$63187.05, bal=$62649.36)
WARNING risk.risk_manager: KILL SWITCH: 3 consecutive losses (daily_pnl=-326.00)
WARNING risk.risk_manager: KILL SWITCH: 3 consecutive losses (daily_pnl=-341.00)
WARNING risk.risk_manager: KILL SWITCH: 3 consecutive losses (daily_pnl=-297.50)
WARNING risk.risk_manager: KILL SWITCH: 3 consecutive losses (daily_pnl=-160.50)
WARNING risk.risk_manager: KILL SWITCH: 3 consecutive losses (daily_pnl=-375.00)
WARNING risk.risk_manager: KILL SWITCH: 3 consecutive losses (daily_pnl=-364.00)
WARNING risk.risk_manager: KILL SWITCH: 3 consecutive losses (daily_pnl=-234.00)
WARNING risk.risk_manager: KILL SWITCH: 3 consecutive losses (daily_pnl=-360.00)
WARNING risk.risk_manager: KILL SWITCH: 3 consecutive losses (daily_pnl=-262.50)
WARNING risk.risk_manager: KILL SWITCH: 3 consecutive losses (daily_pnl=-348.00)
WARNING risk.risk_manager: KILL SWITCH: 3 consecutive losses (daily_pnl=-335.00)
WARNING risk.risk_manager: Topstep MLL zone: normal -> warning (dd=$879.60, peak=$69415.05, bal=$68535.46)
WARNING risk.risk_manager: KILL SWITCH: 3 consecutive losses (daily_pnl=-358.00)
WARNING risk.risk_manager: Topstep MLL zone: warning -> caution (dd=$1233.60, peak=$69415.05, bal=$68181.46)
WARNING risk.risk_manager: Topstep MLL zone: caution -> warning (dd=$1006.44, peak=$69415.05, bal=$68408.61)
WARNING risk.risk_manager: Topstep MLL zone: warning -> normal (dd=$660.29, peak=$69415.05, bal=$68754.76)
WARNING risk.risk_manager: KILL SWITCH: 3 consecutive losses (daily_pnl=-342.00)
WARNING risk.risk_manager: Topstep MLL zone: normal -> warning (dd=$946.14, peak=$69415.05, bal=$68468.92)
WARNING risk.risk_manager: Topstep MLL zone: warning -> normal (dd=$715.71, peak=$69415.05, bal=$68699.35)
WARNING risk.risk_manager: Topstep MLL zone: normal -> warning (dd=$828.21, peak=$69415.05, bal=$68586.85)
WARNING risk.risk_manager: Topstep MLL zone: warning -> normal (dd=$453.21, peak=$69415.05, bal=$68961.85)
WARNING risk.risk_manager: KILL SWITCH: 3 consecutive losses (daily_pnl=-304.00)
WARNING risk.risk_manager: KILL SWITCH: 3 consecutive losses (daily_pnl=-278.50)
WARNING risk.risk_manager: KILL SWITCH: 3 consecutive losses (daily_pnl=-322.00)
WARNING risk.risk_manager: Topstep MLL zone: normal -> warning (dd=$840.50, peak=$72111.19, bal=$71270.69)
WARNING risk.risk_manager: KILL SWITCH: 3 consecutive losses (daily_pnl=-360.00)
WARNING risk.risk_manager: Topstep MLL zone: warning -> normal (dd=$610.50, peak=$72111.19, bal=$71500.69)
WARNING risk.risk_manager: KILL SWITCH: 3 consecutive losses (daily_pnl=-359.00)
WARNING risk.risk_manager: KILL SWITCH: 3 consecutive losses (daily_pnl=-360.50)
WARNING risk.risk_manager: Topstep MLL zone: normal -> warning (dd=$835.50, peak=$72376.69, bal=$71541.19)
WARNING risk.risk_manager: Topstep MLL zone: warning -> normal (dd=$502.17, peak=$72376.69, bal=$71874.52)
WARNING risk.risk_manager: KILL SWITCH: 3 consecutive losses (daily_pnl=-360.00)
WARNING risk.risk_manager: KILL SWITCH: 3 consecutive losses (daily_pnl=-342.50)
WARNING risk.risk_manager: KILL SWITCH: 3 consecutive losses (daily_pnl=-360.00)
WARNING risk.risk_manager: KILL SWITCH: 3 consecutive losses (daily_pnl=-360.00)
WARNING risk.risk_manager: KILL SWITCH: 3 consecutive losses (daily_pnl=-360.00)
WARNING risk.risk_manager: KILL SWITCH: 3 consecutive losses (daily_pnl=-335.00)
WARNING risk.risk_manager: KILL SWITCH: 3 consecutive losses (daily_pnl=-349.50)
WARNING risk.risk_manager: KILL SWITCH: 3 consecutive losses (daily_pnl=-312.00)
WARNING risk.risk_manager: KILL SWITCH: 3 consecutive losses (daily_pnl=-364.50)
WARNING risk.risk_manager: KILL SWITCH: 3 consecutive losses (daily_pnl=-214.50)
WARNING risk.risk_manager: KILL SWITCH: 3 consecutive losses (daily_pnl=-363.00)
WARNING risk.risk_manager: KILL SWITCH: 3 consecutive losses (daily_pnl=-367.50)
WARNING risk.risk_manager: KILL SWITCH: 3 consecutive losses (daily_pnl=-360.00)
WARNING risk.risk_manager: KILL SWITCH: 3 consecutive losses (daily_pnl=-348.00)
WARNING risk.risk_manager: KILL SWITCH: 3 consecutive losses (daily_pnl=-340.00)
WARNING risk.risk_manager: Topstep MLL zone: normal -> warning (dd=$911.00, peak=$92582.70, bal=$91671.70)
WARNING risk.risk_manager: Topstep MLL zone: warning -> normal (dd=$552.30, peak=$92582.70, bal=$92030.40)
WARNING risk.risk_manager: KILL SWITCH: 3 consecutive losses (daily_pnl=-279.50)
WARNING risk.risk_manager: KILL SWITCH: 3 consecutive losses (daily_pnl=-324.00)
WARNING risk.risk_manager: KILL SWITCH: 3 consecutive losses (daily_pnl=-354.00)
WARNING risk.risk_manager: KILL SWITCH: 3 consecutive losses (daily_pnl=-401.00)
WARNING risk.risk_manager: KILL SWITCH: 3 consecutive losses (daily_pnl=-367.50)
WARNING risk.risk_manager: KILL SWITCH: 3 consecutive losses (daily_pnl=-324.00)
WARNING risk.risk_manager: KILL SWITCH: 3 consecutive losses (daily_pnl=-369.00)
WARNING risk.risk_manager: KILL SWITCH: 3 consecutive losses (daily_pnl=-328.00)
WARNING risk.risk_manager: KILL SWITCH: 3 consecutive losses (daily_pnl=-247.00)
WARNING risk.risk_manager: KILL SWITCH: 3 consecutive losses (daily_pnl=-261.00)
WARNING risk.risk_manager: KILL SWITCH: 3 consecutive losses (daily_pnl=-370.50)
WARNING risk.risk_manager: Topstep MLL zone: normal -> warning (dd=$878.50, peak=$101035.33, bal=$100156.83)
WARNING risk.risk_manager: Topstep MLL zone: warning -> normal (dd=$511.83, peak=$101035.33, bal=$100523.50)
WARNING risk.risk_manager: KILL SWITCH: 3 consecutive losses (daily_pnl=-315.00)
WARNING risk.risk_manager: Topstep MLL zone: normal -> warning (dd=$826.83, peak=$101035.33, bal=$100208.50)
WARNING risk.risk_manager: Topstep MLL zone: warning -> normal (dd=$505.40, peak=$101035.33, bal=$100529.93)
WARNING risk.risk_manager: KILL SWITCH: 3 consecutive losses (daily_pnl=-326.50)
WARNING risk.risk_manager: KILL SWITCH: daily loss limit hit (daily_pnl=-966.00)
WARNING risk.risk_manager: Topstep MLL zone: normal -> warning (dd=$966.00, peak=$103831.18, bal=$102865.18)
WARNING risk.risk_manager: KILL SWITCH: 3 consecutive losses (daily_pnl=-330.00)
WARNING risk.risk_manager: Topstep MLL zone: warning -> caution (dd=$1296.00, peak=$103831.18, bal=$102535.18)
WARNING risk.risk_manager: KILL SWITCH: 3 consecutive losses (daily_pnl=-360.00)
WARNING risk.risk_manager: Topstep MLL zone: caution -> warning (dd=$906.00, peak=$103831.18, bal=$102925.18)
WARNING risk.risk_manager: Topstep MLL zone: warning -> normal (dd=$655.00, peak=$103831.18, bal=$103176.18)
WARNING risk.risk_manager: KILL SWITCH: 3 consecutive losses (daily_pnl=-364.50)
WARNING risk.risk_manager: KILL SWITCH: 3 consecutive losses (daily_pnl=-343.00)
WARNING risk.risk_manager: Topstep MLL zone: normal -> warning (dd=$827.50, peak=$104054.68, bal=$103227.18)
WARNING risk.risk_manager: Topstep MLL zone: warning -> normal (dd=$557.50, peak=$104054.68, bal=$103497.18)
WARNING risk.risk_manager: KILL SWITCH: 3 consecutive losses (daily_pnl=-369.00)
WARNING risk.risk_manager: KILL SWITCH: 3 consecutive losses (daily_pnl=-333.00)
WARNING risk.risk_manager: KILL SWITCH: 3 consecutive losses (daily_pnl=-367.00)
WARNING risk.risk_manager: Topstep MLL zone: normal -> warning (dd=$816.00, peak=$106677.18, bal=$105861.18)
WARNING risk.risk_manager: Topstep MLL zone: warning -> normal (dd=$457.30, peak=$106677.18, bal=$106219.87)
WARNING risk.risk_manager: KILL SWITCH: 3 consecutive losses (daily_pnl=-341.00)
WARNING risk.risk_manager: KILL SWITCH: 3 consecutive losses (daily_pnl=-357.00)
WARNING risk.risk_manager: Topstep MLL zone: normal -> warning (dd=$806.00, peak=$109222.37, bal=$108416.37)
WARNING risk.risk_manager: Topstep MLL zone: warning -> normal (dd=$448.86, peak=$109222.37, bal=$108773.52)
WARNING risk.risk_manager: KILL SWITCH: 3 consecutive losses (daily_pnl=-306.00)
WARNING risk.risk_manager: Topstep MLL zone: normal -> warning (dd=$871.86, peak=$109222.37, bal=$108350.52)
WARNING risk.risk_manager: Topstep MLL zone: warning -> normal (dd=$571.86, peak=$109222.37, bal=$108650.52)
WARNING risk.risk_manager: Topstep MLL zone: normal -> warning (dd=$817.86, peak=$109222.37, bal=$108404.52)
WARNING risk.risk_manager: Topstep MLL zone: warning -> normal (dd=$442.86, peak=$109222.37, bal=$108779.52)
WARNING risk.risk_manager: KILL SWITCH: 3 consecutive losses (daily_pnl=-346.50)
WARNING risk.risk_manager: Topstep MLL zone: normal -> warning (dd=$807.36, peak=$109222.37, bal=$108415.02)
WARNING risk.risk_manager: Topstep MLL zone: warning -> normal (dd=$734.86, peak=$109222.37, bal=$108487.52)
WARNING risk.risk_manager: Topstep MLL zone: normal -> warning (dd=$834.86, peak=$109222.37, bal=$108387.52)
WARNING risk.risk_manager: Topstep MLL zone: warning -> normal (dd=$666.36, peak=$109222.37, bal=$108556.02)
WARNING risk.risk_manager: KILL SWITCH: 3 consecutive losses (daily_pnl=-317.50)
WARNING risk.risk_manager: Topstep MLL zone: normal -> warning (dd=$805.86, peak=$109222.37, bal=$108416.52)
WARNING risk.risk_manager: Topstep MLL zone: warning -> normal (dd=$430.86, peak=$109222.37, bal=$108791.52)
WARNING risk.risk_manager: KILL SWITCH: 3 consecutive losses (daily_pnl=-312.00)
WARNING risk.risk_manager: Topstep MLL zone: normal -> warning (dd=$897.86, peak=$109222.37, bal=$108324.52)
WARNING risk.risk_manager: Topstep MLL zone: warning -> normal (dd=$522.86, peak=$109222.37, bal=$108699.52)
WARNING risk.risk_manager: KILL SWITCH: 3 consecutive losses (daily_pnl=-360.00)
WARNING risk.risk_manager: KILL SWITCH: 3 consecutive losses (daily_pnl=-372.00)
WARNING risk.risk_manager: KILL SWITCH: 3 consecutive losses (daily_pnl=-327.00)
WARNING risk.risk_manager: KILL SWITCH: 3 consecutive losses (daily_pnl=-252.00)
WARNING risk.risk_manager: KILL SWITCH: 3 consecutive losses (daily_pnl=-193.50)
WARNING risk.risk_manager: KILL SWITCH: 3 consecutive losses (daily_pnl=-315.00)
WARNING risk.risk_manager: KILL SWITCH: 3 consecutive losses (daily_pnl=-345.00)
WARNING risk.risk_manager: Topstep MLL zone: normal -> warning (dd=$821.36, peak=$114104.38, bal=$113283.02)
WARNING risk.risk_manager: Topstep MLL zone: warning -> normal (dd=$446.36, peak=$114104.38, bal=$113658.02)
WARNING risk.risk_manager: KILL SWITCH: 3 consecutive losses (daily_pnl=-336.00)
WARNING risk.risk_manager: KILL SWITCH: 3 consecutive losses (daily_pnl=-516.00)
WARNING risk.risk_manager: KILL SWITCH: 3 consecutive losses (daily_pnl=-357.00)
WARNING risk.risk_manager: KILL SWITCH: 3 consecutive losses (daily_pnl=-357.00)
WARNING risk.risk_manager: Topstep MLL zone: normal -> warning (dd=$817.50, peak=$60083.16, bal=$59265.66)
WARNING risk.risk_manager: KILL SWITCH: 3 consecutive losses (daily_pnl=-311.00)
WARNING risk.risk_manager: Topstep MLL zone: warning -> caution (dd=$1244.50, peak=$60083.16, bal=$58838.66)
WARNING risk.risk_manager: Topstep MLL zone: caution -> warning (dd=$1004.80, peak=$60083.16, bal=$59078.36)
WARNING risk.risk_manager: Topstep MLL zone: warning -> normal (dd=$646.11, peak=$60083.16, bal=$59437.05)
WARNING risk.risk_manager: KILL SWITCH: 3 consecutive losses (daily_pnl=-301.50)
WARNING risk.risk_manager: KILL SWITCH: 3 consecutive losses (daily_pnl=-364.50)
WARNING risk.risk_manager: Topstep MLL zone: normal -> warning (dd=$914.00, peak=$64889.05, bal=$63975.05)
WARNING risk.risk_manager: Topstep MLL zone: warning -> normal (dd=$558.74, peak=$64889.05, bal=$64330.32)
WARNING risk.risk_manager: KILL SWITCH: 3 consecutive losses (daily_pnl=-319.50)
WARNING risk.risk_manager: Topstep MLL zone: normal -> warning (dd=$871.24, peak=$64889.05, bal=$64017.82)
WARNING risk.risk_manager: KILL SWITCH: 3 consecutive losses (daily_pnl=-360.00)
WARNING risk.risk_manager: Topstep MLL zone: warning -> normal (dd=$629.17, peak=$64889.05, bal=$64259.89)
WARNING risk.risk_manager: KILL SWITCH: 3 consecutive losses (daily_pnl=-369.00)
WARNING risk.risk_manager: KILL SWITCH: 3 consecutive losses (daily_pnl=-300.00)
WARNING risk.risk_manager: KILL SWITCH: 3 consecutive losses (daily_pnl=-312.00)
WARNING risk.risk_manager: KILL SWITCH: 3 consecutive losses (daily_pnl=-332.00)
WARNING risk.risk_manager: KILL SWITCH: 3 consecutive losses (daily_pnl=-341.00)
WARNING risk.risk_manager: KILL SWITCH: 3 consecutive losses (daily_pnl=-160.50)
WARNING risk.risk_manager: KILL SWITCH: 3 consecutive losses (daily_pnl=-375.00)
WARNING risk.risk_manager: KILL SWITCH: 3 consecutive losses (daily_pnl=-192.00)
WARNING risk.risk_manager: KILL SWITCH: 3 consecutive losses (daily_pnl=-360.00)
WARNING risk.risk_manager: KILL SWITCH: 3 consecutive losses (daily_pnl=-262.50)
WARNING risk.risk_manager: KILL SWITCH: 3 consecutive losses (daily_pnl=-348.00)
WARNING risk.risk_manager: KILL SWITCH: 3 consecutive losses (daily_pnl=-358.00)
WARNING risk.risk_manager: KILL SWITCH: 3 consecutive losses (daily_pnl=-342.00)
WARNING risk.risk_manager: KILL SWITCH: 3 consecutive losses (daily_pnl=-304.00)
WARNING risk.risk_manager: KILL SWITCH: 3 consecutive losses (daily_pnl=-322.00)
WARNING risk.risk_manager: KILL SWITCH: 3 consecutive losses (daily_pnl=-360.50)
WARNING risk.risk_manager: KILL SWITCH: 3 consecutive losses (daily_pnl=-360.00)
WARNING risk.risk_manager: KILL SWITCH: 3 consecutive losses (daily_pnl=-360.00)
WARNING risk.risk_manager: KILL SWITCH: 3 consecutive losses (daily_pnl=-360.00)
WARNING risk.risk_manager: KILL SWITCH: 3 consecutive losses (daily_pnl=-335.00)
WARNING risk.risk_manager: KILL SWITCH: 3 consecutive losses (daily_pnl=-349.50)
WARNING risk.risk_manager: KILL SWITCH: 3 consecutive losses (daily_pnl=-210.00)
WARNING risk.risk_manager: KILL SWITCH: 3 consecutive losses (daily_pnl=-312.00)
WARNING risk.risk_manager: KILL SWITCH: 3 consecutive losses (daily_pnl=-364.50)
WARNING risk.risk_manager: KILL SWITCH: 3 consecutive losses (daily_pnl=-214.50)
WARNING risk.risk_manager: KILL SWITCH: 3 consecutive losses (daily_pnl=-363.00)
WARNING risk.risk_manager: KILL SWITCH: 3 consecutive losses (daily_pnl=-360.00)
WARNING risk.risk_manager: KILL SWITCH: 3 consecutive losses (daily_pnl=-348.00)
WARNING risk.risk_manager: KILL SWITCH: 3 consecutive losses (daily_pnl=-280.00)
WARNING risk.risk_manager: KILL SWITCH: 3 consecutive losses (daily_pnl=-354.00)
WARNING risk.risk_manager: KILL SWITCH: 3 consecutive losses (daily_pnl=-401.00)
WARNING risk.risk_manager: KILL SWITCH: 3 consecutive losses (daily_pnl=-367.50)
WARNING risk.risk_manager: KILL SWITCH: 3 consecutive losses (daily_pnl=-324.00)
WARNING risk.risk_manager: KILL SWITCH: 3 consecutive losses (daily_pnl=-369.00)
WARNING risk.risk_manager: KILL SWITCH: 3 consecutive losses (daily_pnl=-234.00)
WARNING risk.risk_manager: KILL SWITCH: 3 consecutive losses (daily_pnl=-315.00)
WARNING risk.risk_manager: KILL SWITCH: 3 consecutive losses (daily_pnl=-326.50)
WARNING risk.risk_manager: KILL SWITCH: daily loss limit hit (daily_pnl=-941.00)
WARNING risk.risk_manager: Topstep MLL zone: normal -> warning (dd=$941.00, peak=$135195.89, bal=$134254.89)
WARNING risk.risk_manager: KILL SWITCH: 3 consecutive losses (daily_pnl=-330.00)
WARNING risk.risk_manager: Topstep MLL zone: warning -> caution (dd=$1271.00, peak=$135195.89, bal=$133924.89)
WARNING risk.risk_manager: KILL SWITCH: 3 consecutive losses (daily_pnl=-360.00)
WARNING risk.risk_manager: Topstep MLL zone: caution -> warning (dd=$881.00, peak=$135195.89, bal=$134314.89)
WARNING risk.risk_manager: Topstep MLL zone: warning -> normal (dd=$630.00, peak=$135195.89, bal=$134565.89)
WARNING risk.risk_manager: KILL SWITCH: 3 consecutive losses (daily_pnl=-364.50)
WARNING risk.risk_manager: KILL SWITCH: 3 consecutive losses (daily_pnl=-343.00)
WARNING risk.risk_manager: Topstep MLL zone: normal -> warning (dd=$827.50, peak=$135444.39, bal=$134616.89)
WARNING risk.risk_manager: Topstep MLL zone: warning -> normal (dd=$530.50, peak=$135444.39, bal=$134913.89)
WARNING risk.risk_manager: KILL SWITCH: 3 consecutive losses (daily_pnl=-369.00)
WARNING risk.risk_manager: KILL SWITCH: 3 consecutive losses (daily_pnl=-199.50)
WARNING risk.risk_manager: KILL SWITCH: 3 consecutive losses (daily_pnl=-367.00)
WARNING risk.risk_manager: Topstep MLL zone: normal -> warning (dd=$883.50, peak=$137134.89, bal=$136251.39)
WARNING risk.risk_manager: Topstep MLL zone: warning -> normal (dd=$524.80, peak=$137134.89, bal=$136610.08)
WARNING risk.risk_manager: KILL SWITCH: 3 consecutive losses (daily_pnl=-357.00)
WARNING risk.risk_manager: KILL SWITCH: 3 consecutive losses (daily_pnl=-306.00)
WARNING risk.risk_manager: KILL SWITCH: 3 consecutive losses (daily_pnl=-346.50)
WARNING risk.risk_manager: KILL SWITCH: 3 consecutive losses (daily_pnl=-312.00)
WARNING risk.risk_manager: Topstep MLL zone: normal -> warning (dd=$913.00, peak=$141459.86, bal=$140546.86)
WARNING risk.risk_manager: Topstep MLL zone: warning -> normal (dd=$613.00, peak=$141459.86, bal=$140846.86)
WARNING risk.risk_manager: Topstep MLL zone: normal -> warning (dd=$824.00, peak=$141459.86, bal=$140635.86)
WARNING risk.risk_manager: Topstep MLL zone: warning -> normal (dd=$551.00, peak=$141459.86, bal=$140908.86)
WARNING risk.risk_manager: KILL SWITCH: 3 consecutive losses (daily_pnl=-317.50)
WARNING risk.risk_manager: Topstep MLL zone: normal -> warning (dd=$868.50, peak=$141459.86, bal=$140591.36)
WARNING risk.risk_manager: Topstep MLL zone: warning -> normal (dd=$493.50, peak=$141459.86, bal=$140966.36)
WARNING risk.risk_manager: Topstep MLL zone: normal -> warning (dd=$823.50, peak=$141459.86, bal=$140636.36)
WARNING risk.risk_manager: KILL SWITCH: 3 consecutive losses (daily_pnl=-246.00)
WARNING risk.risk_manager: Topstep MLL zone: warning -> normal (dd=$486.50, peak=$141459.86, bal=$140973.36)
WARNING risk.risk_manager: KILL SWITCH: 3 consecutive losses (daily_pnl=-360.00)
WARNING risk.risk_manager: KILL SWITCH: 3 consecutive losses (daily_pnl=-372.00)
WARNING risk.risk_manager: KILL SWITCH: 3 consecutive losses (daily_pnl=-327.00)
WARNING risk.risk_manager: KILL SWITCH: 3 consecutive losses (daily_pnl=-252.00)
WARNING risk.risk_manager: KILL SWITCH: 3 consecutive losses (daily_pnl=-186.00)
WARNING risk.risk_manager: KILL SWITCH: 3 consecutive losses (daily_pnl=-315.00)
WARNING risk.risk_manager: KILL SWITCH: 3 consecutive losses (daily_pnl=-345.00)
WARNING risk.risk_manager: Topstep MLL zone: normal -> warning (dd=$813.86, peak=$147178.40, bal=$146364.54)
WARNING risk.risk_manager: Topstep MLL zone: warning -> normal (dd=$438.86, peak=$147178.40, bal=$146739.54)
WARNING risk.risk_manager: KILL SWITCH: 3 consecutive losses (daily_pnl=-184.00)
WARNING risk.risk_manager: KILL SWITCH: 3 consecutive losses (daily_pnl=-206.50)
WARNING risk.risk_manager: KILL SWITCH: 3 consecutive losses (daily_pnl=-714.00)
WARNING risk.risk_manager: KILL SWITCH: 3 consecutive losses (daily_pnl=-714.00)
WARNING risk.risk_manager: KILL SWITCH: 3 consecutive losses (daily_pnl=-724.50)
WARNING risk.risk_manager: KILL SWITCH: 3 consecutive losses (daily_pnl=-717.00)
WARNING risk.risk_manager: KILL SWITCH: 3 consecutive losses (daily_pnl=-703.50)
WARNING risk.risk_manager: KILL SWITCH: 3 consecutive losses (daily_pnl=-729.00)
WARNING risk.risk_manager: KILL SWITCH: 3 consecutive losses (daily_pnl=-722.50)
WARNING risk.risk_manager: KILL SWITCH: 3 consecutive losses (daily_pnl=-718.50)
WARNING risk.risk_manager: KILL SWITCH: 3 consecutive losses (daily_pnl=-720.00)
WARNING risk.risk_manager: KILL SWITCH: 3 consecutive losses (daily_pnl=-738.00)
WARNING risk.risk_manager: KILL SWITCH: 3 consecutive losses (daily_pnl=-600.00)
WARNING risk.risk_manager: KILL SWITCH: 3 consecutive losses (daily_pnl=-624.00)
WARNING risk.risk_manager: KILL SWITCH: 3 consecutive losses (daily_pnl=-510.00)
WARNING risk.risk_manager: KILL SWITCH: 3 consecutive losses (daily_pnl=-664.00)
WARNING risk.risk_manager: KILL SWITCH: 3 consecutive losses (daily_pnl=-708.50)
WARNING risk.risk_manager: KILL SWITCH: 3 consecutive losses (daily_pnl=-719.00)
WARNING risk.risk_manager: KILL SWITCH: 3 consecutive losses (daily_pnl=-696.50)
WARNING risk.risk_manager: KILL SWITCH: 3 consecutive losses (daily_pnl=-440.50)
WARNING risk.risk_manager: KILL SWITCH: 3 consecutive losses (daily_pnl=-750.00)
WARNING risk.risk_manager: KILL SWITCH: daily loss limit hit (daily_pnl=-750.00)
WARNING risk.risk_manager: KILL SWITCH: 3 consecutive losses (daily_pnl=-728.00)
WARNING risk.risk_manager: KILL SWITCH: 3 consecutive losses (daily_pnl=-702.00)
WARNING risk.risk_manager: KILL SWITCH: 3 consecutive losses (daily_pnl=-750.00)
WARNING risk.risk_manager: KILL SWITCH: daily loss limit hit (daily_pnl=-750.00)
WARNING risk.risk_manager: KILL SWITCH: 3 consecutive losses (daily_pnl=-525.00)
WARNING risk.risk_manager: KILL SWITCH: 3 consecutive losses (daily_pnl=-735.00)
WARNING risk.risk_manager: KILL SWITCH: 3 consecutive losses (daily_pnl=-724.00)
WARNING risk.risk_manager: KILL SWITCH: 3 consecutive losses (daily_pnl=-716.00)
WARNING risk.risk_manager: KILL SWITCH: 3 consecutive losses (daily_pnl=-697.00)
WARNING risk.risk_manager: KILL SWITCH: 3 consecutive losses (daily_pnl=-724.50)
WARNING risk.risk_manager: KILL SWITCH: 3 consecutive losses (daily_pnl=-680.50)
WARNING risk.risk_manager: KILL SWITCH: 3 consecutive losses (daily_pnl=-713.00)
WARNING risk.risk_manager: KILL SWITCH: 3 consecutive losses (daily_pnl=-742.50)
WARNING risk.risk_manager: KILL SWITCH: 3 consecutive losses (daily_pnl=-718.00)
WARNING risk.risk_manager: KILL SWITCH: 3 consecutive losses (daily_pnl=-721.00)
WARNING risk.risk_manager: KILL SWITCH: 3 consecutive losses (daily_pnl=-742.50)
WARNING risk.risk_manager: KILL SWITCH: 3 consecutive losses (daily_pnl=-685.00)
WARNING risk.risk_manager: KILL SWITCH: 3 consecutive losses (daily_pnl=-720.00)
WARNING risk.risk_manager: KILL SWITCH: 3 consecutive losses (daily_pnl=-744.00)
WARNING risk.risk_manager: KILL SWITCH: 3 consecutive losses (daily_pnl=-738.00)
WARNING risk.risk_manager: KILL SWITCH: 3 consecutive losses (daily_pnl=-692.00)
WARNING risk.risk_manager: KILL SWITCH: 3 consecutive losses (daily_pnl=-709.50)
WARNING risk.risk_manager: KILL SWITCH: 3 consecutive losses (daily_pnl=-702.00)
WARNING risk.risk_manager: KILL SWITCH: 3 consecutive losses (daily_pnl=-729.00)
WARNING risk.risk_manager: KILL SWITCH: 3 consecutive losses (daily_pnl=-643.50)
WARNING risk.risk_manager: KILL SWITCH: 3 consecutive losses (daily_pnl=-742.50)
WARNING risk.risk_manager: KILL SWITCH: 3 consecutive losses (daily_pnl=-735.00)
WARNING risk.risk_manager: KILL SWITCH: 3 consecutive losses (daily_pnl=-750.00)
WARNING risk.risk_manager: KILL SWITCH: daily loss limit hit (daily_pnl=-750.00)
WARNING risk.risk_manager: KILL SWITCH: 3 consecutive losses (daily_pnl=-489.00)
WARNING risk.risk_manager: KILL SWITCH: 3 consecutive losses (daily_pnl=-724.00)
WARNING risk.risk_manager: KILL SWITCH: 3 consecutive losses (daily_pnl=-666.50)
WARNING risk.risk_manager: KILL SWITCH: 3 consecutive losses (daily_pnl=-648.00)
WARNING risk.risk_manager: KILL SWITCH: 3 consecutive losses (daily_pnl=-616.00)
WARNING risk.risk_manager: KILL SWITCH: 3 consecutive losses (daily_pnl=-665.00)
WARNING risk.risk_manager: KILL SWITCH: 3 consecutive losses (daily_pnl=-735.00)
WARNING risk.risk_manager: KILL SWITCH: 3 consecutive losses (daily_pnl=-729.00)
WARNING risk.risk_manager: KILL SWITCH: 3 consecutive losses (daily_pnl=-738.00)
WARNING risk.risk_manager: KILL SWITCH: 3 consecutive losses (daily_pnl=-656.00)
WARNING risk.risk_manager: KILL SWITCH: 3 consecutive losses (daily_pnl=-652.00)
WARNING risk.risk_manager: KILL SWITCH: 3 consecutive losses (daily_pnl=-607.00)
WARNING risk.risk_manager: KILL SWITCH: 3 consecutive losses (daily_pnl=-741.00)
WARNING risk.risk_manager: KILL SWITCH: 3 consecutive losses (daily_pnl=-735.00)
WARNING risk.risk_manager: KILL SWITCH: 3 consecutive losses (daily_pnl=-732.50)
WARNING risk.risk_manager: KILL SWITCH: daily loss limit hit (daily_pnl=-966.00)
WARNING risk.risk_manager: KILL SWITCH: 3 consecutive losses (daily_pnl=-702.00)
WARNING risk.risk_manager: KILL SWITCH: 3 consecutive losses (daily_pnl=-729.00)
WARNING risk.risk_manager: KILL SWITCH: 3 consecutive losses (daily_pnl=-686.00)
WARNING risk.risk_manager: KILL SWITCH: 3 consecutive losses (daily_pnl=-738.00)
WARNING risk.risk_manager: KILL SWITCH: 3 consecutive losses (daily_pnl=-666.00)
WARNING risk.risk_manager: KILL SWITCH: 3 consecutive losses (daily_pnl=-734.00)
WARNING risk.risk_manager: KILL SWITCH: 3 consecutive losses (daily_pnl=-736.00)
WARNING risk.risk_manager: KILL SWITCH: 3 consecutive losses (daily_pnl=-740.00)
WARNING risk.risk_manager: KILL SWITCH: 3 consecutive losses (daily_pnl=-688.50)
WARNING risk.risk_manager: KILL SWITCH: 3 consecutive losses (daily_pnl=-724.50)
WARNING risk.risk_manager: KILL SWITCH: 3 consecutive losses (daily_pnl=-624.00)
WARNING risk.risk_manager: KILL SWITCH: 3 consecutive losses (daily_pnl=-721.50)
WARNING risk.risk_manager: KILL SWITCH: 3 consecutive losses (daily_pnl=-712.50)
WARNING risk.risk_manager: KILL SWITCH: 3 consecutive losses (daily_pnl=-702.00)
WARNING risk.risk_manager: KILL SWITCH: 3 consecutive losses (daily_pnl=-738.00)
WARNING risk.risk_manager: KILL SWITCH: 3 consecutive losses (daily_pnl=-744.00)
WARNING risk.risk_manager: KILL SWITCH: 3 consecutive losses (daily_pnl=-699.50)
WARNING risk.risk_manager: KILL SWITCH: 3 consecutive losses (daily_pnl=-630.00)
WARNING risk.risk_manager: KILL SWITCH: 3 consecutive losses (daily_pnl=-580.50)
WARNING risk.risk_manager: KILL SWITCH: 3 consecutive losses (daily_pnl=-693.00)
WARNING risk.risk_manager: KILL SWITCH: 3 consecutive losses (daily_pnl=-724.50)
WARNING risk.risk_manager: KILL SWITCH: 3 consecutive losses (daily_pnl=-715.00)
WARNING risk.risk_manager: KILL SWITCH: 3 consecutive losses (daily_pnl=-714.00)
WARNING risk.risk_manager: KILL SWITCH: 3 consecutive losses (daily_pnl=-516.00)
WARNING risk.risk_manager: KILL SWITCH: 3 consecutive losses (daily_pnl=-714.00)
WARNING risk.risk_manager: KILL SWITCH: 3 consecutive losses (daily_pnl=-714.00)
WARNING risk.risk_manager: KILL SWITCH: 3 consecutive losses (daily_pnl=-724.50)
WARNING risk.risk_manager: KILL SWITCH: 3 consecutive losses (daily_pnl=-717.00)
WARNING risk.risk_manager: KILL SWITCH: 3 consecutive losses (daily_pnl=-703.50)
WARNING risk.risk_manager: KILL SWITCH: 3 consecutive losses (daily_pnl=-729.00)
WARNING risk.risk_manager: KILL SWITCH: 3 consecutive losses (daily_pnl=-718.50)
WARNING risk.risk_manager: KILL SWITCH: 3 consecutive losses (daily_pnl=-720.00)
WARNING risk.risk_manager: KILL SWITCH: 3 consecutive losses (daily_pnl=-738.00)
WARNING risk.risk_manager: KILL SWITCH: 3 consecutive losses (daily_pnl=-600.00)
WARNING risk.risk_manager: KILL SWITCH: 3 consecutive losses (daily_pnl=-624.00)
WARNING risk.risk_manager: KILL SWITCH: 3 consecutive losses (daily_pnl=-664.00)
WARNING risk.risk_manager: KILL SWITCH: 3 consecutive losses (daily_pnl=-719.00)
WARNING risk.risk_manager: KILL SWITCH: 3 consecutive losses (daily_pnl=-440.50)
WARNING risk.risk_manager: KILL SWITCH: 3 consecutive losses (daily_pnl=-750.00)
WARNING risk.risk_manager: KILL SWITCH: daily loss limit hit (daily_pnl=-750.00)
WARNING risk.risk_manager: KILL SWITCH: 3 consecutive losses (daily_pnl=-576.00)
WARNING risk.risk_manager: KILL SWITCH: 3 consecutive losses (daily_pnl=-750.00)
WARNING risk.risk_manager: KILL SWITCH: daily loss limit hit (daily_pnl=-750.00)
WARNING risk.risk_manager: KILL SWITCH: 3 consecutive losses (daily_pnl=-525.00)
WARNING risk.risk_manager: KILL SWITCH: 3 consecutive losses (daily_pnl=-735.00)
WARNING risk.risk_manager: KILL SWITCH: 3 consecutive losses (daily_pnl=-716.00)
WARNING risk.risk_manager: KILL SWITCH: 3 consecutive losses (daily_pnl=-697.00)
WARNING risk.risk_manager: KILL SWITCH: 3 consecutive losses (daily_pnl=-724.50)
WARNING risk.risk_manager: KILL SWITCH: 3 consecutive losses (daily_pnl=-713.00)
WARNING risk.risk_manager: KILL SWITCH: 3 consecutive losses (daily_pnl=-721.00)
WARNING risk.risk_manager: KILL SWITCH: 3 consecutive losses (daily_pnl=-742.50)
WARNING risk.risk_manager: KILL SWITCH: 3 consecutive losses (daily_pnl=-720.00)
WARNING risk.risk_manager: KILL SWITCH: 3 consecutive losses (daily_pnl=-738.00)
WARNING risk.risk_manager: KILL SWITCH: 3 consecutive losses (daily_pnl=-692.00)
WARNING risk.risk_manager: KILL SWITCH: 3 consecutive losses (daily_pnl=-709.50)
WARNING risk.risk_manager: KILL SWITCH: 3 consecutive losses (daily_pnl=-420.00)
WARNING risk.risk_manager: KILL SWITCH: 3 consecutive losses (daily_pnl=-702.00)
WARNING risk.risk_manager: KILL SWITCH: 3 consecutive losses (daily_pnl=-729.00)
WARNING risk.risk_manager: KILL SWITCH: 3 consecutive losses (daily_pnl=-643.50)
WARNING risk.risk_manager: KILL SWITCH: 3 consecutive losses (daily_pnl=-742.50)
WARNING risk.risk_manager: KILL SWITCH: 3 consecutive losses (daily_pnl=-750.00)
WARNING risk.risk_manager: KILL SWITCH: daily loss limit hit (daily_pnl=-750.00)
WARNING risk.risk_manager: KILL SWITCH: 3 consecutive losses (daily_pnl=-489.00)
WARNING risk.risk_manager: KILL SWITCH: 3 consecutive losses (daily_pnl=-560.00)
WARNING risk.risk_manager: KILL SWITCH: 3 consecutive losses (daily_pnl=-616.00)
WARNING risk.risk_manager: KILL SWITCH: 3 consecutive losses (daily_pnl=-665.00)
WARNING risk.risk_manager: KILL SWITCH: 3 consecutive losses (daily_pnl=-735.00)
WARNING risk.risk_manager: KILL SWITCH: 3 consecutive losses (daily_pnl=-729.00)
WARNING risk.risk_manager: KILL SWITCH: 3 consecutive losses (daily_pnl=-738.00)
WARNING risk.risk_manager: KILL SWITCH: 3 consecutive losses (daily_pnl=-468.00)
WARNING risk.risk_manager: KILL SWITCH: 3 consecutive losses (daily_pnl=-735.00)
WARNING risk.risk_manager: KILL SWITCH: 3 consecutive losses (daily_pnl=-732.50)
WARNING risk.risk_manager: KILL SWITCH: daily loss limit hit (daily_pnl=-941.00)
WARNING risk.risk_manager: KILL SWITCH: 3 consecutive losses (daily_pnl=-702.00)
WARNING risk.risk_manager: KILL SWITCH: 3 consecutive losses (daily_pnl=-729.00)
WARNING risk.risk_manager: KILL SWITCH: 3 consecutive losses (daily_pnl=-686.00)
WARNING risk.risk_manager: KILL SWITCH: 3 consecutive losses (daily_pnl=-738.00)
WARNING risk.risk_manager: KILL SWITCH: 3 consecutive losses (daily_pnl=-399.00)
WARNING risk.risk_manager: KILL SWITCH: 3 consecutive losses (daily_pnl=-734.00)
WARNING risk.risk_manager: KILL SWITCH: 3 consecutive losses (daily_pnl=-740.00)
WARNING risk.risk_manager: KILL SWITCH: 3 consecutive losses (daily_pnl=-688.50)
WARNING risk.risk_manager: KILL SWITCH: 3 consecutive losses (daily_pnl=-724.50)
WARNING risk.risk_manager: KILL SWITCH: 3 consecutive losses (daily_pnl=-624.00)
WARNING risk.risk_manager: KILL SWITCH: 3 consecutive losses (daily_pnl=-721.50)
WARNING risk.risk_manager: KILL SWITCH: 3 consecutive losses (daily_pnl=-259.50)
WARNING risk.risk_manager: KILL SWITCH: 3 consecutive losses (daily_pnl=-712.50)
WARNING risk.risk_manager: KILL SWITCH: 3 consecutive losses (daily_pnl=-702.00)
WARNING risk.risk_manager: KILL SWITCH: 3 consecutive losses (daily_pnl=-738.00)
WARNING risk.risk_manager: KILL SWITCH: 3 consecutive losses (daily_pnl=-744.00)
WARNING risk.risk_manager: KILL SWITCH: 3 consecutive losses (daily_pnl=-699.50)
WARNING risk.risk_manager: KILL SWITCH: 3 consecutive losses (daily_pnl=-630.00)
WARNING risk.risk_manager: KILL SWITCH: 3 consecutive losses (daily_pnl=-558.00)
WARNING risk.risk_manager: KILL SWITCH: 3 consecutive losses (daily_pnl=-693.00)
WARNING risk.risk_manager: KILL SWITCH: 3 consecutive losses (daily_pnl=-724.50)
WARNING risk.risk_manager: KILL SWITCH: 3 consecutive losses (daily_pnl=-715.00)
WARNING risk.risk_manager: KILL SWITCH: 3 consecutive losses (daily_pnl=-391.00)
WARNING risk.risk_manager: KILL SWITCH: 3 consecutive losses (daily_pnl=-206.50)
WARNING risk.risk_manager: KILL SWITCH: 3 consecutive losses (daily_pnl=-415.50)
WARNING risk.risk_manager: KILL SWITCH: 3 consecutive losses (daily_pnl=-735.00)
WARNING risk.risk_manager: Topstep MLL zone: normal -> warning (dd=$985.00, peak=$51834.50, bal=$50849.50)
WARNING risk.risk_manager: Topstep MLL zone: warning -> caution (dd=$1312.00, peak=$51834.50, bal=$50522.50)
WARNING risk.risk_manager: KILL SWITCH: 3 consecutive losses (daily_pnl=-447.00)
WARNING risk.risk_manager: Topstep MLL zone: caution -> warning (dd=$1069.10, peak=$51834.50, bal=$50765.40)
WARNING risk.risk_manager: Topstep MLL zone: warning -> normal (dd=$512.65, peak=$51834.50, bal=$51321.85)
WARNING risk.risk_manager: KILL SWITCH: 3 consecutive losses (daily_pnl=-353.00)
WARNING risk.risk_manager: KILL SWITCH: 3 consecutive losses (daily_pnl=-368.00)
WARNING risk.risk_manager: KILL SWITCH: 3 consecutive losses (daily_pnl=-258.00)
WARNING risk.risk_manager: KILL SWITCH: 3 consecutive losses (daily_pnl=-333.00)
WARNING risk.risk_manager: KILL SWITCH: 3 consecutive losses (daily_pnl=-373.50)
WARNING risk.risk_manager: Topstep MLL zone: normal -> warning (dd=$826.50, peak=$59528.02, bal=$58701.52)
WARNING risk.risk_manager: KILL SWITCH: 3 consecutive losses (daily_pnl=-360.00)
WARNING risk.risk_manager: Topstep MLL zone: warning -> normal (dd=$504.50, peak=$59528.02, bal=$59023.52)
WARNING risk.risk_manager: KILL SWITCH: 3 consecutive losses (daily_pnl=-345.00)
WARNING risk.risk_manager: KILL SWITCH: 3 consecutive losses (daily_pnl=-273.00)
WARNING risk.risk_manager: KILL SWITCH: 3 consecutive losses (daily_pnl=-290.00)
WARNING risk.risk_manager: KILL SWITCH: 3 consecutive losses (daily_pnl=-275.00)
WARNING risk.risk_manager: KILL SWITCH: 3 consecutive losses (daily_pnl=-255.00)
WARNING risk.risk_manager: KILL SWITCH: 3 consecutive losses (daily_pnl=-364.50)
WARNING risk.risk_manager: KILL SWITCH: 3 consecutive losses (daily_pnl=-336.00)
WARNING risk.risk_manager: Topstep MLL zone: normal -> warning (dd=$820.50, peak=$68255.62, bal=$67435.12)
WARNING risk.risk_manager: Topstep MLL zone: warning -> normal (dd=$460.50, peak=$68255.62, bal=$67795.12)
WARNING risk.risk_manager: KILL SWITCH: 3 consecutive losses (daily_pnl=-614.00)
WARNING risk.risk_manager: Topstep MLL zone: normal -> warning (dd=$807.50, peak=$68255.62, bal=$67448.12)
WARNING risk.risk_manager: Topstep MLL zone: warning -> normal (dd=$448.80, peak=$68255.62, bal=$67806.81)
WARNING risk.risk_manager: KILL SWITCH: 3 consecutive losses (daily_pnl=-241.50)
WARNING risk.risk_manager: KILL SWITCH: 3 consecutive losses (daily_pnl=-362.50)
WARNING risk.risk_manager: KILL SWITCH: 3 consecutive losses (daily_pnl=-240.00)
WARNING risk.risk_manager: KILL SWITCH: 3 consecutive losses (daily_pnl=-240.00)
WARNING risk.risk_manager: Topstep MLL zone: normal -> warning (dd=$842.50, peak=$69652.96, bal=$68810.46)
WARNING risk.risk_manager: Topstep MLL zone: warning -> normal (dd=$521.07, peak=$69652.96, bal=$69131.89)
WARNING risk.risk_manager: KILL SWITCH: 3 consecutive losses (daily_pnl=-357.00)
WARNING risk.risk_manager: KILL SWITCH: 3 consecutive losses (daily_pnl=-342.00)
WARNING risk.risk_manager: Topstep MLL zone: normal -> warning (dd=$913.50, peak=$73208.50, bal=$72295.00)
WARNING risk.risk_manager: Topstep MLL zone: warning -> normal (dd=$538.50, peak=$73208.50, bal=$72670.00)
WARNING risk.risk_manager: KILL SWITCH: 3 consecutive losses (daily_pnl=-366.00)
WARNING risk.risk_manager: KILL SWITCH: 3 consecutive losses (daily_pnl=-314.00)
WARNING risk.risk_manager: KILL SWITCH: 3 consecutive losses (daily_pnl=-348.00)
WARNING risk.risk_manager: Topstep MLL zone: normal -> warning (dd=$902.00, peak=$78849.58, bal=$77947.58)
WARNING risk.risk_manager: Topstep MLL zone: warning -> normal (dd=$538.36, peak=$78849.58, bal=$78311.21)
WARNING risk.risk_manager: KILL SWITCH: 3 consecutive losses (daily_pnl=-355.00)
WARNING risk.risk_manager: Topstep MLL zone: normal -> warning (dd=$888.73, peak=$78849.58, bal=$77960.85)
WARNING risk.risk_manager: Topstep MLL zone: warning -> normal (dd=$526.66, peak=$78849.58, bal=$78322.92)
WARNING risk.risk_manager: KILL SWITCH: 3 consecutive losses (daily_pnl=-313.00)
WARNING risk.risk_manager: KILL SWITCH: 3 consecutive losses (daily_pnl=-306.00)
WARNING risk.risk_manager: KILL SWITCH: 3 consecutive losses (daily_pnl=-348.00)
WARNING risk.risk_manager: KILL SWITCH: 3 consecutive losses (daily_pnl=-345.00)
WARNING risk.risk_manager: KILL SWITCH: 3 consecutive losses (daily_pnl=-264.00)
WARNING risk.risk_manager: KILL SWITCH: 3 consecutive losses (daily_pnl=-348.00)
WARNING risk.risk_manager: KILL SWITCH: 3 consecutive losses (daily_pnl=-370.50)
WARNING risk.risk_manager: KILL SWITCH: 3 consecutive losses (daily_pnl=-351.00)
WARNING risk.risk_manager: KILL SWITCH: 3 consecutive losses (daily_pnl=-363.00)
WARNING risk.risk_manager: KILL SWITCH: 3 consecutive losses (daily_pnl=-364.50)
WARNING risk.risk_manager: KILL SWITCH: 3 consecutive losses (daily_pnl=-360.00)
WARNING risk.risk_manager: KILL SWITCH: 3 consecutive losses (daily_pnl=-343.50)
WARNING risk.risk_manager: KILL SWITCH: 3 consecutive losses (daily_pnl=-346.50)
WARNING risk.risk_manager: KILL SWITCH: 3 consecutive losses (daily_pnl=-237.00)
WARNING risk.risk_manager: KILL SWITCH: 3 consecutive losses (daily_pnl=-369.00)
WARNING risk.risk_manager: KILL SWITCH: 3 consecutive losses (daily_pnl=-222.00)
WARNING risk.risk_manager: Topstep MLL zone: normal -> warning (dd=$829.00, peak=$127633.57, bal=$126804.57)
WARNING risk.risk_manager: Topstep MLL zone: warning -> normal (dd=$464.71, peak=$127633.57, bal=$127168.86)
WARNING risk.risk_manager: Topstep MLL zone: normal -> warning (dd=$867.21, peak=$127633.57, bal=$126766.36)
WARNING risk.risk_manager: KILL SWITCH: daily loss limit hit (daily_pnl=-805.00)
WARNING risk.risk_manager: Topstep MLL zone: warning -> caution (dd=$1269.71, peak=$127633.57, bal=$126363.86)
WARNING risk.risk_manager: Topstep MLL zone: caution -> warning (dd=$894.71, peak=$127633.57, bal=$126738.86)
WARNING risk.risk_manager: Topstep MLL zone: warning -> normal (dd=$519.71, peak=$127633.57, bal=$127113.86)
WARNING risk.risk_manager: KILL SWITCH: 3 consecutive losses (daily_pnl=-357.00)
WARNING risk.risk_manager: KILL SWITCH: 3 consecutive losses (daily_pnl=-360.00)
WARNING risk.risk_manager: KILL SWITCH: 3 consecutive losses (daily_pnl=-268.00)
WARNING risk.risk_manager: Topstep MLL zone: normal -> warning (dd=$875.00, peak=$132893.62, bal=$132018.62)
WARNING risk.risk_manager: KILL SWITCH: 3 consecutive losses (daily_pnl=-370.50)
WARNING risk.risk_manager: Topstep MLL zone: warning -> normal (dd=$0.00, peak=$132893.62, bal=$134975.12)
WARNING risk.risk_manager: KILL SWITCH: 3 consecutive losses (daily_pnl=-322.00)
WARNING risk.risk_manager: KILL SWITCH: 3 consecutive losses (daily_pnl=-357.00)
WARNING risk.risk_manager: KILL SWITCH: 3 consecutive losses (daily_pnl=-350.50)
WARNING risk.risk_manager: KILL SWITCH: 3 consecutive losses (daily_pnl=-257.50)
WARNING risk.risk_manager: KILL SWITCH: 3 consecutive losses (daily_pnl=-208.50)
WARNING risk.risk_manager: KILL SWITCH: 3 consecutive losses (daily_pnl=-375.00)
WARNING risk.risk_manager: KILL SWITCH: 3 consecutive losses (daily_pnl=-367.00)
WARNING risk.risk_manager: KILL SWITCH: 3 consecutive losses (daily_pnl=-360.00)
WARNING risk.risk_manager: KILL SWITCH: daily loss limit hit (daily_pnl=-869.00)
WARNING risk.risk_manager: Topstep MLL zone: normal -> warning (dd=$869.00, peak=$155726.09, bal=$154857.09)
WARNING risk.risk_manager: Topstep MLL zone: warning -> normal (dd=$494.00, peak=$155726.09, bal=$155232.09)
WARNING risk.risk_manager: KILL SWITCH: 3 consecutive losses (daily_pnl=-349.50)
WARNING risk.risk_manager: KILL SWITCH: 3 consecutive losses (daily_pnl=-363.50)
WARNING risk.risk_manager: KILL SWITCH: 3 consecutive losses (daily_pnl=-735.00)
WARNING risk.risk_manager: Topstep MLL zone: normal -> warning (dd=$980.00, peak=$50000.00, bal=$49020.00)
WARNING risk.risk_manager: Topstep MLL zone: warning -> normal (dd=$496.00, peak=$50000.00, bal=$49504.00)
WARNING risk.risk_manager: KILL SWITCH: 3 consecutive losses (daily_pnl=-329.50)
WARNING risk.risk_manager: KILL SWITCH: 3 consecutive losses (daily_pnl=-337.50)
WARNING risk.risk_manager: KILL SWITCH: 3 consecutive losses (daily_pnl=-382.50)
WARNING risk.risk_manager: KILL SWITCH: 3 consecutive losses (daily_pnl=-363.00)
WARNING risk.risk_manager: KILL SWITCH: 3 consecutive losses (daily_pnl=-355.50)
WARNING risk.risk_manager: Topstep MLL zone: normal -> warning (dd=$841.50, peak=$68996.50, bal=$68155.00)
WARNING risk.risk_manager: Topstep MLL zone: warning -> normal (dd=$742.50, peak=$68996.50, bal=$68254.00)
WARNING risk.risk_manager: Topstep MLL zone: normal -> warning (dd=$859.50, peak=$68996.50, bal=$68137.00)
WARNING risk.risk_manager: Topstep MLL zone: warning -> normal (dd=$484.50, peak=$68996.50, bal=$68512.00)
WARNING risk.risk_manager: KILL SWITCH: 3 consecutive losses (daily_pnl=-348.00)
WARNING risk.risk_manager: KILL SWITCH: 3 consecutive losses (daily_pnl=-117.00)
WARNING risk.risk_manager: KILL SWITCH: daily loss limit hit (daily_pnl=-799.00)
WARNING risk.risk_manager: Topstep MLL zone: normal -> caution (dd=$1223.50, peak=$74690.89, bal=$73467.39)
WARNING risk.risk_manager: Topstep MLL zone: caution -> warning (dd=$1190.00, peak=$74690.89, bal=$73500.89)
WARNING risk.risk_manager: KILL SWITCH: 3 consecutive losses (daily_pnl=-276.50)
WARNING risk.risk_manager: Topstep MLL zone: warning -> caution (dd=$1246.00, peak=$74690.89, bal=$73444.89)
WARNING risk.risk_manager: KILL SWITCH: 3 consecutive losses (daily_pnl=-390.00)
WARNING risk.risk_manager: Topstep MLL zone: caution -> stop (dd=$1702.00, peak=$74690.89, bal=$72988.89)
WARNING risk.risk_manager: KILL SWITCH: 3 consecutive losses (daily_pnl=-357.00)
WARNING risk.risk_manager: KILL SWITCH: 3 consecutive losses (daily_pnl=-357.00)
WARNING risk.risk_manager: KILL SWITCH: 3 consecutive losses (daily_pnl=-310.50)
WARNING risk.risk_manager: KILL SWITCH: 3 consecutive losses (daily_pnl=-311.00)
WARNING risk.risk_manager: KILL SWITCH: 3 consecutive losses (daily_pnl=-301.50)
WARNING risk.risk_manager: KILL SWITCH: 3 consecutive losses (daily_pnl=-364.50)
WARNING risk.risk_manager: KILL SWITCH: 3 consecutive losses (daily_pnl=-319.50)
WARNING risk.risk_manager: KILL SWITCH: 3 consecutive losses (daily_pnl=-360.00)
WARNING risk.risk_manager: KILL SWITCH: 3 consecutive losses (daily_pnl=-369.00)
WARNING risk.risk_manager: KILL SWITCH: 3 consecutive losses (daily_pnl=-300.00)
WARNING risk.risk_manager: KILL SWITCH: 3 consecutive losses (daily_pnl=-312.00)
WARNING risk.risk_manager: KILL SWITCH: 3 consecutive losses (daily_pnl=-332.00)
WARNING risk.risk_manager: KILL SWITCH: 3 consecutive losses (daily_pnl=-341.00)
WARNING risk.risk_manager: KILL SWITCH: 3 consecutive losses (daily_pnl=-160.50)
WARNING risk.risk_manager: KILL SWITCH: 3 consecutive losses (daily_pnl=-375.00)
WARNING risk.risk_manager: KILL SWITCH: 3 consecutive losses (daily_pnl=-192.00)
WARNING risk.risk_manager: KILL SWITCH: 3 consecutive losses (daily_pnl=-360.00)
WARNING risk.risk_manager: KILL SWITCH: 3 consecutive losses (daily_pnl=-262.50)
WARNING risk.risk_manager: KILL SWITCH: 3 consecutive losses (daily_pnl=-348.00)
WARNING risk.risk_manager: KILL SWITCH: 3 consecutive losses (daily_pnl=-358.00)
WARNING risk.risk_manager: KILL SWITCH: 3 consecutive losses (daily_pnl=-342.00)
WARNING risk.risk_manager: KILL SWITCH: 3 consecutive losses (daily_pnl=-304.00)
WARNING risk.risk_manager: KILL SWITCH: 3 consecutive losses (daily_pnl=-322.00)
WARNING risk.risk_manager: KILL SWITCH: 3 consecutive losses (daily_pnl=-360.50)
WARNING risk.risk_manager: KILL SWITCH: 3 consecutive losses (daily_pnl=-360.00)
WARNING risk.risk_manager: KILL SWITCH: 3 consecutive losses (daily_pnl=-360.00)
WARNING risk.risk_manager: KILL SWITCH: 3 consecutive losses (daily_pnl=-360.00)
WARNING risk.risk_manager: KILL SWITCH: 3 consecutive losses (daily_pnl=-335.00)
WARNING risk.risk_manager: KILL SWITCH: 3 consecutive losses (daily_pnl=-349.50)
WARNING risk.risk_manager: KILL SWITCH: 3 consecutive losses (daily_pnl=-210.00)
WARNING risk.risk_manager: KILL SWITCH: 3 consecutive losses (daily_pnl=-312.00)
WARNING risk.risk_manager: KILL SWITCH: 3 consecutive losses (daily_pnl=-364.50)
WARNING risk.risk_manager: KILL SWITCH: 3 consecutive losses (daily_pnl=-214.50)
WARNING risk.risk_manager: KILL SWITCH: 3 consecutive losses (daily_pnl=-363.00)
WARNING risk.risk_manager: KILL SWITCH: 3 consecutive losses (daily_pnl=-360.00)
WARNING risk.risk_manager: KILL SWITCH: 3 consecutive losses (daily_pnl=-348.00)
WARNING risk.risk_manager: KILL SWITCH: 3 consecutive losses (daily_pnl=-280.00)
WARNING risk.risk_manager: KILL SWITCH: 3 consecutive losses (daily_pnl=-354.00)
WARNING risk.risk_manager: KILL SWITCH: 3 consecutive losses (daily_pnl=-401.00)
WARNING risk.risk_manager: KILL SWITCH: 3 consecutive losses (daily_pnl=-367.50)
WARNING risk.risk_manager: KILL SWITCH: 3 consecutive losses (daily_pnl=-324.00)
WARNING risk.risk_manager: KILL SWITCH: 3 consecutive losses (daily_pnl=-369.00)
WARNING risk.risk_manager: KILL SWITCH: 3 consecutive losses (daily_pnl=-234.00)
WARNING risk.risk_manager: KILL SWITCH: 3 consecutive losses (daily_pnl=-315.00)
WARNING risk.risk_manager: KILL SWITCH: 3 consecutive losses (daily_pnl=-326.50)
WARNING risk.risk_manager: KILL SWITCH: daily loss limit hit (daily_pnl=-941.00)
WARNING risk.risk_manager: KILL SWITCH: 3 consecutive losses (daily_pnl=-330.00)
WARNING risk.risk_manager: KILL SWITCH: 3 consecutive losses (daily_pnl=-364.50)
WARNING risk.risk_manager: KILL SWITCH: 3 consecutive losses (daily_pnl=-343.00)
WARNING risk.risk_manager: KILL SWITCH: 3 consecutive losses (daily_pnl=-369.00)
WARNING risk.risk_manager: KILL SWITCH: 3 consecutive losses (daily_pnl=-199.50)
WARNING risk.risk_manager: KILL SWITCH: 3 consecutive losses (daily_pnl=-367.00)
WARNING risk.risk_manager: KILL SWITCH: 3 consecutive losses (daily_pnl=-357.00)
WARNING risk.risk_manager: KILL SWITCH: 3 consecutive losses (daily_pnl=-306.00)
WARNING risk.risk_manager: KILL SWITCH: 3 consecutive losses (daily_pnl=-346.50)
WARNING risk.risk_manager: KILL SWITCH: 3 consecutive losses (daily_pnl=-312.00)
WARNING risk.risk_manager: KILL SWITCH: 3 consecutive losses (daily_pnl=-333.00)
WARNING risk.risk_manager: KILL SWITCH: 3 consecutive losses (daily_pnl=-120.00)
WARNING risk.risk_manager: KILL SWITCH: 3 consecutive losses (daily_pnl=-317.50)
WARNING risk.risk_manager: KILL SWITCH: 3 consecutive losses (daily_pnl=-312.00)
WARNING risk.risk_manager: KILL SWITCH: 3 consecutive losses (daily_pnl=-360.00)
WARNING risk.risk_manager: KILL SWITCH: 3 consecutive losses (daily_pnl=-372.00)
WARNING risk.risk_manager: KILL SWITCH: 3 consecutive losses (daily_pnl=-327.00)
WARNING risk.risk_manager: KILL SWITCH: 3 consecutive losses (daily_pnl=-252.00)
WARNING risk.risk_manager: KILL SWITCH: 3 consecutive losses (daily_pnl=-186.00)
WARNING risk.risk_manager: KILL SWITCH: 3 consecutive losses (daily_pnl=-315.00)
WARNING risk.risk_manager: KILL SWITCH: 3 consecutive losses (daily_pnl=-345.00)
WARNING risk.risk_manager: KILL SWITCH: 3 consecutive losses (daily_pnl=-310.00)
WARNING risk.risk_manager: KILL SWITCH: 3 consecutive losses (daily_pnl=-184.00)
WARNING risk.risk_manager: KILL SWITCH: 3 consecutive losses (daily_pnl=-206.50)
WARNING risk.risk_manager: KILL SWITCH: 3 consecutive losses (daily_pnl=-357.00)
WARNING risk.risk_manager: KILL SWITCH: 3 consecutive losses (daily_pnl=-357.00)
WARNING risk.risk_manager: KILL SWITCH: 3 consecutive losses (daily_pnl=-310.50)
WARNING risk.risk_manager: KILL SWITCH: 3 consecutive losses (daily_pnl=-311.00)
WARNING risk.risk_manager: KILL SWITCH: 3 consecutive losses (daily_pnl=-301.50)
WARNING risk.risk_manager: KILL SWITCH: 3 consecutive losses (daily_pnl=-364.50)
WARNING risk.risk_manager: KILL SWITCH: 3 consecutive losses (daily_pnl=-337.00)
WARNING risk.risk_manager: KILL SWITCH: 3 consecutive losses (daily_pnl=-319.50)
WARNING risk.risk_manager: KILL SWITCH: 3 consecutive losses (daily_pnl=-360.00)
WARNING risk.risk_manager: KILL SWITCH: 3 consecutive losses (daily_pnl=-369.00)
WARNING risk.risk_manager: KILL SWITCH: 3 consecutive losses (daily_pnl=-300.00)
WARNING risk.risk_manager: KILL SWITCH: 3 consecutive losses (daily_pnl=-312.00)
WARNING risk.risk_manager: KILL SWITCH: 3 consecutive losses (daily_pnl=-255.00)
WARNING risk.risk_manager: KILL SWITCH: 3 consecutive losses (daily_pnl=-332.00)
WARNING risk.risk_manager: KILL SWITCH: 3 consecutive losses (daily_pnl=-326.00)
WARNING risk.risk_manager: KILL SWITCH: 3 consecutive losses (daily_pnl=-341.00)
WARNING risk.risk_manager: KILL SWITCH: 3 consecutive losses (daily_pnl=-297.50)
WARNING risk.risk_manager: KILL SWITCH: 3 consecutive losses (daily_pnl=-160.50)
WARNING risk.risk_manager: KILL SWITCH: 3 consecutive losses (daily_pnl=-375.00)
WARNING risk.risk_manager: KILL SWITCH: 3 consecutive losses (daily_pnl=-364.00)
WARNING risk.risk_manager: KILL SWITCH: 3 consecutive losses (daily_pnl=-234.00)
WARNING risk.risk_manager: KILL SWITCH: 3 consecutive losses (daily_pnl=-360.00)
WARNING risk.risk_manager: KILL SWITCH: 3 consecutive losses (daily_pnl=-262.50)
WARNING risk.risk_manager: KILL SWITCH: 3 consecutive losses (daily_pnl=-348.00)
WARNING risk.risk_manager: KILL SWITCH: 3 consecutive losses (daily_pnl=-335.00)
WARNING risk.risk_manager: KILL SWITCH: 3 consecutive losses (daily_pnl=-358.00)
WARNING risk.risk_manager: KILL SWITCH: 3 consecutive losses (daily_pnl=-342.00)
WARNING risk.risk_manager: KILL SWITCH: 3 consecutive losses (daily_pnl=-304.00)
WARNING risk.risk_manager: KILL SWITCH: 3 consecutive losses (daily_pnl=-278.50)
WARNING risk.risk_manager: KILL SWITCH: 3 consecutive losses (daily_pnl=-322.00)
WARNING risk.risk_manager: KILL SWITCH: 3 consecutive losses (daily_pnl=-360.00)
WARNING risk.risk_manager: KILL SWITCH: 3 consecutive losses (daily_pnl=-359.00)
WARNING risk.risk_manager: KILL SWITCH: 3 consecutive losses (daily_pnl=-360.50)
WARNING risk.risk_manager: KILL SWITCH: 3 consecutive losses (daily_pnl=-360.00)
WARNING risk.risk_manager: KILL SWITCH: 3 consecutive losses (daily_pnl=-342.50)
WARNING risk.risk_manager: KILL SWITCH: 3 consecutive losses (daily_pnl=-360.00)
WARNING risk.risk_manager: KILL SWITCH: 3 consecutive losses (daily_pnl=-360.00)
WARNING risk.risk_manager: KILL SWITCH: 3 consecutive losses (daily_pnl=-360.00)
WARNING risk.risk_manager: KILL SWITCH: 3 consecutive losses (daily_pnl=-335.00)
WARNING risk.risk_manager: KILL SWITCH: 3 consecutive losses (daily_pnl=-349.50)
WARNING risk.risk_manager: KILL SWITCH: 3 consecutive losses (daily_pnl=-312.00)
WARNING risk.risk_manager: KILL SWITCH: 3 consecutive losses (daily_pnl=-364.50)
WARNING risk.risk_manager: KILL SWITCH: 3 consecutive losses (daily_pnl=-214.50)
WARNING risk.risk_manager: KILL SWITCH: 3 consecutive losses (daily_pnl=-363.00)
WARNING risk.risk_manager: KILL SWITCH: 3 consecutive losses (daily_pnl=-367.50)
WARNING risk.risk_manager: KILL SWITCH: 3 consecutive losses (daily_pnl=-360.00)
WARNING risk.risk_manager: KILL SWITCH: 3 consecutive losses (daily_pnl=-348.00)
WARNING risk.risk_manager: KILL SWITCH: 3 consecutive losses (daily_pnl=-340.00)
WARNING risk.risk_manager: KILL SWITCH: 3 consecutive losses (daily_pnl=-279.50)
WARNING risk.risk_manager: KILL SWITCH: 3 consecutive losses (daily_pnl=-324.00)
WARNING risk.risk_manager: KILL SWITCH: 3 consecutive losses (daily_pnl=-354.00)
WARNING risk.risk_manager: KILL SWITCH: 3 consecutive losses (daily_pnl=-401.00)
WARNING risk.risk_manager: KILL SWITCH: 3 consecutive losses (daily_pnl=-367.50)
WARNING risk.risk_manager: KILL SWITCH: 3 consecutive losses (daily_pnl=-324.00)
WARNING risk.risk_manager: KILL SWITCH: 3 consecutive losses (daily_pnl=-369.00)
WARNING risk.risk_manager: KILL SWITCH: 3 consecutive losses (daily_pnl=-328.00)
WARNING risk.risk_manager: KILL SWITCH: 3 consecutive losses (daily_pnl=-247.00)
WARNING risk.risk_manager: KILL SWITCH: 3 consecutive losses (daily_pnl=-261.00)
WARNING risk.risk_manager: KILL SWITCH: 3 consecutive losses (daily_pnl=-370.50)
WARNING risk.risk_manager: KILL SWITCH: 3 consecutive losses (daily_pnl=-315.00)
WARNING risk.risk_manager: KILL SWITCH: 3 consecutive losses (daily_pnl=-326.50)
WARNING risk.risk_manager: KILL SWITCH: daily loss limit hit (daily_pnl=-966.00)
WARNING risk.risk_manager: KILL SWITCH: 3 consecutive losses (daily_pnl=-330.00)
WARNING risk.risk_manager: KILL SWITCH: 3 consecutive losses (daily_pnl=-364.50)
WARNING risk.risk_manager: KILL SWITCH: 3 consecutive losses (daily_pnl=-343.00)
WARNING risk.risk_manager: KILL SWITCH: 3 consecutive losses (daily_pnl=-369.00)
WARNING risk.risk_manager: KILL SWITCH: 3 consecutive losses (daily_pnl=-333.00)
WARNING risk.risk_manager: KILL SWITCH: 3 consecutive losses (daily_pnl=-367.00)
WARNING risk.risk_manager: KILL SWITCH: 3 consecutive losses (daily_pnl=-341.00)
WARNING risk.risk_manager: KILL SWITCH: 3 consecutive losses (daily_pnl=-357.00)
WARNING risk.risk_manager: KILL SWITCH: 3 consecutive losses (daily_pnl=-306.00)
WARNING risk.risk_manager: KILL SWITCH: 3 consecutive losses (daily_pnl=-346.50)
WARNING risk.risk_manager: KILL SWITCH: 3 consecutive losses (daily_pnl=-312.00)
WARNING risk.risk_manager: KILL SWITCH: 3 consecutive losses (daily_pnl=-333.00)
WARNING risk.risk_manager: KILL SWITCH: 3 consecutive losses (daily_pnl=-317.50)
WARNING risk.risk_manager: KILL SWITCH: 3 consecutive losses (daily_pnl=-312.00)
WARNING risk.risk_manager: KILL SWITCH: 3 consecutive losses (daily_pnl=-360.00)
WARNING risk.risk_manager: KILL SWITCH: 3 consecutive losses (daily_pnl=-372.00)
WARNING risk.risk_manager: KILL SWITCH: 3 consecutive losses (daily_pnl=-327.00)
WARNING risk.risk_manager: KILL SWITCH: 3 consecutive losses (daily_pnl=-252.00)
WARNING risk.risk_manager: KILL SWITCH: 3 consecutive losses (daily_pnl=-193.50)
WARNING risk.risk_manager: KILL SWITCH: 3 consecutive losses (daily_pnl=-315.00)
WARNING risk.risk_manager: KILL SWITCH: 3 consecutive losses (daily_pnl=-345.00)
WARNING risk.risk_manager: KILL SWITCH: 3 consecutive losses (daily_pnl=-310.00)
WARNING risk.risk_manager: KILL SWITCH: 3 consecutive losses (daily_pnl=-336.00)
WARNING risk.risk_manager: KILL SWITCH: 3 consecutive losses (daily_pnl=-516.00)
WARNING risk.risk_manager: KILL SWITCH: 3 consecutive losses (daily_pnl=-415.50)
WARNING risk.risk_manager: KILL SWITCH: 3 consecutive losses (daily_pnl=-735.00)
WARNING risk.risk_manager: KILL SWITCH: 3 consecutive losses (daily_pnl=-575.00)
WARNING risk.risk_manager: KILL SWITCH: 3 consecutive losses (daily_pnl=-706.00)
WARNING risk.risk_manager: KILL SWITCH: 3 consecutive losses (daily_pnl=-736.00)
WARNING risk.risk_manager: KILL SWITCH: 3 consecutive losses (daily_pnl=-258.00)
WARNING risk.risk_manager: KILL SWITCH: 3 consecutive losses (daily_pnl=-333.00)
WARNING risk.risk_manager: KILL SWITCH: 3 consecutive losses (daily_pnl=-373.50)
WARNING risk.risk_manager: KILL SWITCH: 3 consecutive losses (daily_pnl=-360.00)
WARNING risk.risk_manager: KILL SWITCH: 3 consecutive losses (daily_pnl=-345.00)
WARNING risk.risk_manager: KILL SWITCH: 3 consecutive losses (daily_pnl=-273.00)
WARNING risk.risk_manager: KILL SWITCH: 3 consecutive losses (daily_pnl=-290.00)
WARNING risk.risk_manager: KILL SWITCH: 3 consecutive losses (daily_pnl=-275.00)
WARNING risk.risk_manager: KILL SWITCH: 3 consecutive losses (daily_pnl=-255.00)
WARNING risk.risk_manager: KILL SWITCH: 3 consecutive losses (daily_pnl=-364.50)
WARNING risk.risk_manager: KILL SWITCH: 3 consecutive losses (daily_pnl=-336.00)
WARNING risk.risk_manager: KILL SWITCH: 3 consecutive losses (daily_pnl=-360.00)
WARNING risk.risk_manager: KILL SWITCH: 3 consecutive losses (daily_pnl=-614.00)
WARNING risk.risk_manager: Topstep MLL zone: normal -> warning (dd=$1883.00, peak=$171602.34, bal=$169719.34)
WARNING risk.risk_manager: Topstep MLL zone: warning -> normal (dd=$1524.30, peak=$171602.34, bal=$170078.04)
WARNING risk.risk_manager: KILL SWITCH: 3 consecutive losses (daily_pnl=-241.50)
WARNING risk.risk_manager: KILL SWITCH: 3 consecutive losses (daily_pnl=-362.50)
WARNING risk.risk_manager: KILL SWITCH: 3 consecutive losses (daily_pnl=-240.00)
WARNING risk.risk_manager: KILL SWITCH: 3 consecutive losses (daily_pnl=-240.00)
WARNING risk.risk_manager: KILL SWITCH: 3 consecutive losses (daily_pnl=-328.50)
WARNING risk.risk_manager: KILL SWITCH: 3 consecutive losses (daily_pnl=-357.00)
WARNING risk.risk_manager: KILL SWITCH: 3 consecutive losses (daily_pnl=-342.00)
WARNING risk.risk_manager: KILL SWITCH: 3 consecutive losses (daily_pnl=-366.00)
WARNING risk.risk_manager: KILL SWITCH: 3 consecutive losses (daily_pnl=-314.00)
WARNING risk.risk_manager: KILL SWITCH: 3 consecutive losses (daily_pnl=-348.00)
WARNING risk.risk_manager: KILL SWITCH: 3 consecutive losses (daily_pnl=-355.00)
WARNING risk.risk_manager: KILL SWITCH: 3 consecutive losses (daily_pnl=-313.00)
WARNING risk.risk_manager: KILL SWITCH: 3 consecutive losses (daily_pnl=-306.00)
WARNING risk.risk_manager: KILL SWITCH: 3 consecutive losses (daily_pnl=-348.00)
WARNING risk.risk_manager: KILL SWITCH: 3 consecutive losses (daily_pnl=-345.00)
WARNING risk.risk_manager: KILL SWITCH: 3 consecutive losses (daily_pnl=-264.00)
WARNING risk.risk_manager: KILL SWITCH: 3 consecutive losses (daily_pnl=-348.00)
WARNING risk.risk_manager: KILL SWITCH: 3 consecutive losses (daily_pnl=-370.50)
WARNING risk.risk_manager: KILL SWITCH: 3 consecutive losses (daily_pnl=-351.00)
WARNING risk.risk_manager: KILL SWITCH: 3 consecutive losses (daily_pnl=-363.00)
WARNING risk.risk_manager: KILL SWITCH: 3 consecutive losses (daily_pnl=-364.50)
WARNING risk.risk_manager: KILL SWITCH: 3 consecutive losses (daily_pnl=-360.00)
WARNING risk.risk_manager: KILL SWITCH: 3 consecutive losses (daily_pnl=-343.50)
WARNING risk.risk_manager: KILL SWITCH: 3 consecutive losses (daily_pnl=-346.50)
WARNING risk.risk_manager: KILL SWITCH: 3 consecutive losses (daily_pnl=-237.00)
WARNING risk.risk_manager: KILL SWITCH: 3 consecutive losses (daily_pnl=-369.00)
WARNING risk.risk_manager: KILL SWITCH: 3 consecutive losses (daily_pnl=-222.00)
WARNING risk.risk_manager: KILL SWITCH: 3 consecutive losses (daily_pnl=-357.00)
WARNING risk.risk_manager: KILL SWITCH: daily loss limit hit (daily_pnl=-805.00)
WARNING risk.risk_manager: KILL SWITCH: 3 consecutive losses (daily_pnl=-357.00)
WARNING risk.risk_manager: KILL SWITCH: 3 consecutive losses (daily_pnl=-360.00)
WARNING risk.risk_manager: KILL SWITCH: 3 consecutive losses (daily_pnl=-268.00)
WARNING risk.risk_manager: KILL SWITCH: 3 consecutive losses (daily_pnl=-370.50)
WARNING risk.risk_manager: KILL SWITCH: 3 consecutive losses (daily_pnl=-322.00)
WARNING risk.risk_manager: KILL SWITCH: 3 consecutive losses (daily_pnl=-357.00)
WARNING risk.risk_manager: KILL SWITCH: 3 consecutive losses (daily_pnl=-350.50)
WARNING risk.risk_manager: KILL SWITCH: 3 consecutive losses (daily_pnl=-257.50)
WARNING risk.risk_manager: KILL SWITCH: 3 consecutive losses (daily_pnl=-208.50)
WARNING risk.risk_manager: KILL SWITCH: 3 consecutive losses (daily_pnl=-375.00)
WARNING risk.risk_manager: KILL SWITCH: 3 consecutive losses (daily_pnl=-367.00)
WARNING risk.risk_manager: KILL SWITCH: 3 consecutive losses (daily_pnl=-360.00)
WARNING risk.risk_manager: KILL SWITCH: daily loss limit hit (daily_pnl=-869.00)
WARNING risk.risk_manager: KILL SWITCH: 3 consecutive losses (daily_pnl=-349.50)
WARNING risk.risk_manager: KILL SWITCH: 3 consecutive losses (daily_pnl=-363.50)
WARNING risk.risk_manager: KILL SWITCH: 3 consecutive losses (daily_pnl=-735.00)
WARNING risk.risk_manager: KILL SWITCH: 3 consecutive losses (daily_pnl=-732.00)
WARNING risk.risk_manager: KILL SWITCH: 3 consecutive losses (daily_pnl=-703.00)
WARNING risk.risk_manager: KILL SWITCH: 3 consecutive losses (daily_pnl=-337.50)
WARNING risk.risk_manager: KILL SWITCH: 3 consecutive losses (daily_pnl=-382.50)
WARNING risk.risk_manager: KILL SWITCH: 3 consecutive losses (daily_pnl=-363.00)
WARNING risk.risk_manager: KILL SWITCH: 3 consecutive losses (daily_pnl=-355.50)
WARNING risk.risk_manager: KILL SWITCH: 3 consecutive losses (daily_pnl=-348.00)
WARNING risk.risk_manager: KILL SWITCH: 3 consecutive losses (daily_pnl=-117.00)
WARNING risk.risk_manager: KILL SWITCH: daily loss limit hit (daily_pnl=-799.00)
WARNING risk.risk_manager: KILL SWITCH: daily loss limit hit (daily_pnl=-849.00)
WARNING risk.risk_manager: Topstep MLL zone: normal -> warning (dd=$2076.00, peak=$176648.14, bal=$174572.14)
WARNING risk.risk_manager: Topstep MLL zone: warning -> normal (dd=$1781.00, peak=$176648.14, bal=$174867.14)
WARNING risk.risk_manager: KILL SWITCH: 3 consecutive losses (daily_pnl=-317.50)
WARNING risk.risk_manager: KILL SWITCH: 3 consecutive losses (daily_pnl=-259.00)
WARNING risk.risk_manager: KILL SWITCH: 3 consecutive losses (daily_pnl=-260.50)
WARNING risk.risk_manager: KILL SWITCH: 3 consecutive losses (daily_pnl=-390.00)
WARNING risk.risk_manager: KILL SWITCH: 3 consecutive losses (daily_pnl=-390.00)
WARNING risk.risk_manager: KILL SWITCH: 3 consecutive losses (daily_pnl=-299.00)
WARNING risk.risk_manager: KILL SWITCH: 3 consecutive losses (daily_pnl=-553.50)
WARNING risk.risk_manager: KILL SWITCH: 3 consecutive losses (daily_pnl=-213.00)
WARNING risk.risk_manager: KILL SWITCH: 3 consecutive losses (daily_pnl=-361.50)
WARNING risk.risk_manager: KILL SWITCH: 3 consecutive losses (daily_pnl=-361.50)
WARNING risk.risk_manager: KILL SWITCH: 3 consecutive losses (daily_pnl=-336.00)
WARNING risk.risk_manager: KILL SWITCH: 3 consecutive losses (daily_pnl=-343.00)
WARNING risk.risk_manager: KILL SWITCH: 3 consecutive losses (daily_pnl=-346.50)
WARNING risk.risk_manager: KILL SWITCH: 3 consecutive losses (daily_pnl=-354.00)
WARNING risk.risk_manager: KILL SWITCH: 3 consecutive losses (daily_pnl=-229.50)
WARNING risk.risk_manager: KILL SWITCH: 3 consecutive losses (daily_pnl=-367.50)
WARNING risk.risk_manager: KILL SWITCH: 3 consecutive losses (daily_pnl=-336.00)
WARNING risk.risk_manager: KILL SWITCH: 3 consecutive losses (daily_pnl=-336.00)
WARNING risk.risk_manager: KILL SWITCH: 3 consecutive losses (daily_pnl=-173.50)
WARNING risk.risk_manager: KILL SWITCH: 3 consecutive losses (daily_pnl=-342.00)
WARNING risk.risk_manager: KILL SWITCH: 3 consecutive losses (daily_pnl=-342.00)
WARNING risk.risk_manager: KILL SWITCH: 3 consecutive losses (daily_pnl=-297.00)
WARNING risk.risk_manager: KILL SWITCH: 3 consecutive losses (daily_pnl=-359.00)
WARNING risk.risk_manager: KILL SWITCH: 3 consecutive losses (daily_pnl=-303.00)
WARNING risk.risk_manager: KILL SWITCH: 3 consecutive losses (daily_pnl=-369.00)
WARNING risk.risk_manager: KILL SWITCH: 3 consecutive losses (daily_pnl=-230.00)
WARNING risk.risk_manager: KILL SWITCH: 3 consecutive losses (daily_pnl=-324.00)
WARNING risk.risk_manager: KILL SWITCH: 3 consecutive losses (daily_pnl=-126.50)
WARNING risk.risk_manager: KILL SWITCH: 3 consecutive losses (daily_pnl=-371.00)
WARNING risk.risk_manager: KILL SWITCH: 3 consecutive losses (daily_pnl=-350.00)
WARNING risk.risk_manager: KILL SWITCH: 3 consecutive losses (daily_pnl=-360.00)
WARNING risk.risk_manager: KILL SWITCH: 3 consecutive losses (daily_pnl=-360.00)
WARNING risk.risk_manager: KILL SWITCH: 3 consecutive losses (daily_pnl=-322.50)
WARNING risk.risk_manager: KILL SWITCH: 3 consecutive losses (daily_pnl=-372.50)
WARNING risk.risk_manager: KILL SWITCH: 3 consecutive losses (daily_pnl=-364.00)
WARNING risk.risk_manager: KILL SWITCH: 3 consecutive losses (daily_pnl=-163.00)
WARNING risk.risk_manager: KILL SWITCH: 3 consecutive losses (daily_pnl=-360.00)
WARNING risk.risk_manager: KILL SWITCH: 3 consecutive losses (daily_pnl=-356.00)
WARNING risk.risk_manager: KILL SWITCH: 3 consecutive losses (daily_pnl=-360.00)
WARNING risk.risk_manager: KILL SWITCH: 3 consecutive losses (daily_pnl=-365.50)
WARNING risk.risk_manager: KILL SWITCH: daily loss limit hit (daily_pnl=-935.00)
WARNING risk.risk_manager: KILL SWITCH: daily loss limit hit (daily_pnl=-956.00)
WARNING risk.risk_manager: Topstep MLL zone: normal -> warning (dd=$2025.00, peak=$245558.01, bal=$243533.01)
WARNING risk.risk_manager: Topstep MLL zone: warning -> normal (dd=$1667.86, peak=$245558.01, bal=$243890.15)
WARNING risk.risk_manager: KILL SWITCH: 3 consecutive losses (daily_pnl=-345.00)
WARNING risk.risk_manager: KILL SWITCH: 3 consecutive losses (daily_pnl=-312.00)
WARNING risk.risk_manager: KILL SWITCH: 3 consecutive losses (daily_pnl=-317.00)
WARNING risk.risk_manager: KILL SWITCH: 3 consecutive losses (daily_pnl=-338.00)
WARNING risk.risk_manager: KILL SWITCH: 3 consecutive losses (daily_pnl=-357.00)
WARNING risk.risk_manager: KILL SWITCH: 3 consecutive losses (daily_pnl=-360.00)
WARNING risk.risk_manager: KILL SWITCH: 3 consecutive losses (daily_pnl=-327.00)
WARNING risk.risk_manager: KILL SWITCH: 3 consecutive losses (daily_pnl=-348.00)
WARNING risk.risk_manager: KILL SWITCH: 3 consecutive losses (daily_pnl=-341.50)
WARNING risk.risk_manager: KILL SWITCH: 3 consecutive losses (daily_pnl=-310.50)
WARNING risk.risk_manager: KILL SWITCH: 3 consecutive losses (daily_pnl=-275.50)
WARNING risk.risk_manager: KILL SWITCH: 3 consecutive losses (daily_pnl=-248.50)
WARNING risk.risk_manager: KILL SWITCH: 3 consecutive losses (daily_pnl=-353.00)
WARNING risk.risk_manager: KILL SWITCH: 3 consecutive losses (daily_pnl=-558.00)
WARNING risk.risk_manager: KILL SWITCH: 3 consecutive losses (daily_pnl=-242.00)
WARNING risk.risk_manager: KILL SWITCH: 3 consecutive losses (daily_pnl=-344.00)
WARNING risk.risk_manager: KILL SWITCH: daily loss limit hit (daily_pnl=-1071.00)
WARNING risk.risk_manager: Topstep MLL zone: normal -> warning (dd=$1955.00, peak=$271362.46, bal=$269407.46)
WARNING risk.risk_manager: Topstep MLL zone: warning -> normal (dd=$1602.06, peak=$271362.46, bal=$269760.41)
WARNING risk.risk_manager: KILL SWITCH: 3 consecutive losses (daily_pnl=-336.00)
